Processing 01-01
Processing 01-02
Processing 01-03
Processing 01-04
Processing 01-05
Processing 01-06
Processing 01-07
Processing 01-08
Processing 01-09
Processing 01-10
Processing 01-11
Processing 01-12
Processing 01-13
Processing 01-14
Processing 01-15
Processing 01-16
Processing 01-17
Processing 01-18
Processing 01-19
Processing 01-20
Processing 01-21
Processing 01-22
Processing 01-23
Processing 01-24
Processing 01-25
Processing 01-26
Processing 01-27
Processing 01-28
Processing 01-29
Processing 01-30
Processing 01-31
Processing 02-01
Processing 02-02
Processing 02-03
Processing 02-04
Processing 02-05
Processing 02-06
Processing 02-07
Processing 02-08
Processing 02-09
Processing 02-10
Processing 02-11
Processing 02-12
Processing 02-13
Processing 02-14
Processing 02-15
Processing 02-16
Processing 02-17
Processing 02-18
Processing 02-19
Processing 02-20
Processing 02-21
Processing 02-22
Processing 02-23
Processing 02-24
Processing 02-25
Processing 02-26
Processing 02-27
Processing 02-28
Processing 03-01
Processing 03-02
Processing 03-03
Processing 03-04
Processing 03-05
Processing 03-06
Processing 03-07
Processing 03-08
Processing 03-09
Processing 03-10
Processing 03-11
Processing 03-12
Processing 03-13
Processing 03-14
Processing 03-15
Processing 03-16
Processing 03-17
Processing 03-18
Processing 03-19
Processing 03-20
Processing 03-21
Processing 03-22
Processing 03-23
Processing 03-24
Processing 03-25
Processing 03-26
Processing 03-27
Processing 03-28
Processing 03-29
Processing 03-30
Processing 03-31
Processing 04-01
Processing 04-02
Processing 04-03
Processing 04-04
Processing 04-05
Processing 04-06
Processing 04-07
Processing 04-08
Processing 04-09
Processing 04-10
Processing 04-11
Processing 04-12
Processing 04-13
Processing 04-14
Processing 04-15
Processing 04-16
Processing 04-17
Processing 04-18
Processing 04-19
Processing 04-20
Processing 04-21
Processing 04-22
Processing 04-23
Processing 04-24
Processing 04-25
Processing 04-26
Processing 04-27
Processing 04-28
Processing 04-29
Processing 04-30
Processing 05-01
Processing 05-02
Processing 05-03
Processing 05-04
Processing 05-05
Processing 05-06
Processing 05-07
Processing 05-08
Processing 05-09
Processing 05-10
Processing 05-11
Processing 05-12
Processing 05-13
Processing 05-14
Processing 05-15
Processing 05-16
Processing 05-17
Processing 05-18
Processing 05-19
Processing 05-20
Processing 05-21
Processing 05-22
Processing 05-23
Processing 05-24
Processing 05-25
Processing 05-26
Processing 05-27
Processing 05-28
Processing 05-29
Processing 05-30
Processing 05-31
Processing 06-01
Processing 06-02
Processing 06-03
Processing 06-04
Processing 06-05
Processing 06-06
Processing 06-07
Processing 06-08
Processing 06-09
Processing 06-10
Processing 06-11
Processing 06-12
Processing 06-13
Processing 06-14
Processing 06-15
Processing 06-16
Processing 06-17
Processing 06-18
Processing 06-19
Processing 06-20
Processing 06-21
Processing 06-22
Processing 06-23
Processing 06-24
Processing 06-25
Processing 06-26
Processing 06-27
Processing 06-28
Processing 06-29
Processing 06-30
Processing 07-01
Processing 07-02
Processing 07-03
Processing 07-04
Processing 07-05
Processing 07-06
Processing 07-07
Processing 07-08
Processing 07-09
Processing 07-10
Processing 07-11
Processing 07-12
Processing 07-13
Processing 07-14
Processing 07-15
Processing 07-16
Processing 07-17
Processing 07-18
Processing 07-19
Processing 07-20
Processing 07-21
Processing 07-22
Processing 07-23
Processing 07-24
Processing 07-25
Processing 07-26
Processing 07-27
Processing 07-28
Processing 07-29
Processing 07-30
Processing 07-31
Processing 08-01
Processing 08-02
Processing 08-03
Processing 08-04
Processing 08-05
Processing 08-06
Processing 08-07
Processing 08-08
Processing 08-09
Processing 08-10
Processing 08-11
Processing 08-12
Processing 08-13
Processing 08-14
Processing 08-15
Processing 08-16
Processing 08-17
Processing 08-18
Processing 08-19
Processing 08-20
Processing 08-21
Processing 08-22
Processing 08-23
Processing 08-24
Processing 08-25
Processing 08-26
Processing 08-27
Processing 08-28
Processing 08-29
Processing 08-30
Processing 08-31
Processing 09-01
Processing 09-02
Processing 09-03
Processing 09-04
Processing 09-05
Processing 09-06
Processing 09-07
Processing 09-08
Processing 09-09
Processing 09-10
Processing 09-11
Processing 09-12
Processing 09-13
Processing 09-14
Processing 09-15
Processing 09-16
Processing 09-17
Processing 09-18
Processing 09-19
Processing 09-20
Processing 09-21
Processing 09-22
Processing 09-23
Processing 09-24
Processing 09-25
Processing 09-26
Processing 09-27
Processing 09-28
Processing 09-29
Processing 09-30
Processing 10-01
Processing 10-02
Processing 10-03
Processing 10-04
Processing 10-05
Processing 10-06
Processing 10-07
Processing 10-08
Processing 10-09
Processing 10-10
Processing 10-11
Processing 10-12
Processing 10-13
Processing 10-14
Processing 10-15
Processing 10-16
Processing 10-17
Processing 10-18
Processing 10-19
Processing 10-20
Processing 10-21
Processing 10-22
Processing 10-23
Processing 10-24
Processing 10-25
Processing 10-26
Processing 10-27
Processing 10-28
Processing 10-29
Processing 10-30
Processing 10-31
Processing 11-01
Processing 11-02
Processing 11-03
Processing 11-04
Processing 11-05
Processing 11-06
Processing 11-07
Processing 11-08
Processing 11-09
Processing 11-10
Processing 11-11
Processing 11-12
Processing 11-13
Processing 11-14
Processing 11-15
Processing 11-16
Processing 11-17
Processing 11-18
Processing 11-19
Processing 11-20
Processing 11-21
Processing 11-22
Processing 11-23
Processing 11-24
Processing 11-25
Processing 11-26
Processing 11-27
Processing 11-28
Processing 11-29
Processing 11-30
Processing 12-01
Processing 12-02
Processing 12-03
Processing 12-04
Processing 12-05
Processing 12-06
Processing 12-07
Processing 12-08
Processing 12-09
Processing 12-10
Processing 12-11
Processing 12-12
Processing 12-13
Processing 12-14
Processing 12-15
Processing 12-16
Processing 12-17
Processing 12-18
Processing 12-19
Processing 12-20
Processing 12-21
Processing 12-22
Processing 12-23
Processing 12-24
Processing 12-25
Processing 12-26
Processing 12-27
Processing 12-28
Processing 12-29
Processing 12-30
Processing 12-31
Processing 01-01
Processing 01-02
Processing 01-03
Processing 01-04
Processing 01-05
Processing 01-06
Processing 01-07
Processing 01-08
Processing 01-09
Processing 01-10
Processing 01-11
Processing 01-12
Processing 01-13
Processing 01-14
Processing 01-15
Processing 01-16
Processing 01-17
Processing 01-18
Processing 01-19
Processing 01-20
Processing 01-21
Processing 01-22
Processing 01-23
Processing 01-24
Processing 01-25
Processing 01-26
Processing 01-27
Processing 01-28
Processing 01-29
Processing 01-30
Processing 01-31
Processing 02-01
Processing 02-02
Processing 02-03
Processing 02-04
Processing 02-05
Processing 02-06
Processing 02-07
Processing 02-08
Processing 02-09
Processing 02-10
Processing 02-11
Processing 02-12
Processing 02-13
Processing 02-14
Processing 02-15
Processing 02-16
Processing 02-17
Processing 02-18
Processing 02-19
Processing 02-20
Processing 02-21
Processing 02-22
Processing 02-23
Processing 02-24
Processing 02-25
Processing 02-26
Processing 02-27
Processing 02-28
Processing 03-01
Processing 03-02
Processing 03-03
Processing 03-04
Processing 03-05
Processing 03-06
Processing 03-07
Processing 03-08
Processing 03-09
Processing 03-10
Processing 03-11
Processing 03-12
Processing 03-13
Processing 03-14
Processing 03-15
Processing 03-16
Processing 03-17
Processing 03-18
Processing 03-19
Processing 03-20
Processing 03-21
Processing 03-22
Processing 03-23
Processing 03-24
Processing 03-25
Processing 03-26
Processing 03-27
Processing 03-28
Processing 03-29
Processing 03-30
Processing 03-31
_________________________________________________________________________
Job Resource Usage Summary for 51566278

  Job Ended                       : Sat Nov 15 03:25:52 EST 2025

  Partition                       : compute
  Head Node                       : borgk064
  Charged to                      : g0610

  Estimated SBUs                  : 21.67

  Total Mem Requested / Allocated : 32.00G / 32.00G
  Max Real Mem Used (on any node) : 13.01G
  Max Pct Memory Used             : 40.65%

  Walltime Requested              : 07:00:00
  Walltime Used                   : 05:41:47
  Pct Walltime Used               : 81.37%

  CPUs Requested / Allocated      : 8 / 126
  Total CPU-Time Allocated        : 29-21:44:42 (Walltime Used * #CPUs)

  CPU Utilization of __last python cmd only__:
  User CPU                        : 04:53:54 of 29-21:30:00
  System CPU                      : 04:43.893 of 29-21:30:00
  Pct CPU Utilization             : .69%
  
_________________________________________________________________________

