Processing 01-01
Processing 01-02
Processing 01-03
Processing 01-04
Processing 01-05
Processing 01-06
Processing 01-07
Processing 01-08
Processing 01-09
Processing 01-10
Processing 01-11
Processing 01-12
Processing 01-13
Processing 01-14
Processing 01-15
Processing 01-16
Processing 01-17
Processing 01-18
Processing 01-19
Processing 01-20
Processing 01-21
Processing 01-22
Processing 01-23
Processing 01-24
Processing 01-25
Processing 01-26
Processing 01-27
Processing 01-28
Processing 01-29
Processing 01-30
Processing 01-31
Processing 02-01
Processing 02-02
Processing 02-03
Processing 02-04
Processing 02-05
Processing 02-06
Processing 02-07
Processing 02-08
Processing 02-09
Processing 02-10
Processing 02-11
Processing 02-12
Processing 02-13
Processing 02-14
Processing 02-15
Processing 02-16
Processing 02-17
Processing 02-18
Processing 02-19
Processing 02-20
Processing 02-21
Processing 02-22
Processing 02-23
Processing 02-24
Processing 02-25
Processing 02-26
Processing 02-27
Processing 02-28
Processing 03-01
Processing 03-02
Processing 03-03
Processing 03-04
Processing 03-05
Processing 03-06
Processing 03-07
Processing 03-08
Processing 03-09
Processing 03-10
Processing 03-11
Processing 03-12
Processing 03-13
Processing 03-14
Processing 03-15
Processing 03-16
Processing 03-17
Processing 03-18
Processing 03-19
Processing 03-20
Processing 03-21
Processing 03-22
Processing 03-23
Processing 03-24
Processing 03-25
Processing 03-26
Processing 03-27
Processing 03-28
Processing 03-29
Processing 03-30
Processing 03-31
Processing 04-01
Processing 04-02
Processing 04-03
Processing 04-04
Processing 04-05
Processing 04-06
Processing 04-07
Processing 04-08
Processing 04-09
Processing 04-10
Processing 04-11
Processing 04-12
Processing 04-13
Processing 04-14
Processing 04-15
Processing 04-16
Processing 04-17
Processing 04-18
Processing 04-19
Processing 04-20
Processing 04-21
Processing 04-22
Processing 04-23
Processing 04-24
Processing 04-25
Processing 04-26
Processing 04-27
Processing 04-28
Processing 04-29
Processing 04-30
Processing 05-01
Processing 05-02
Processing 05-03
Processing 05-04
Processing 05-05
Processing 05-06
Processing 05-07
Processing 05-08
Processing 05-09
Processing 05-10
Processing 05-11
Processing 05-12
Processing 05-13
Processing 05-14
Processing 05-15
Processing 05-16
Processing 05-17
Processing 05-18
Processing 05-19
Processing 05-20
Processing 05-21
Processing 05-22
Processing 05-23
Processing 05-24
Processing 05-25
Processing 05-26
Processing 05-27
Processing 05-28
Processing 05-29
Processing 05-30
Processing 05-31
Processing 06-01
Processing 06-02
Processing 06-03
Processing 06-04
Processing 06-05
Processing 06-06
Processing 06-07
Processing 06-08
Processing 06-09
Processing 06-10
Processing 06-11
Processing 06-12
Processing 06-13
Processing 06-14
Processing 06-15
Processing 06-16
Processing 06-17
Processing 06-18
Processing 06-19
Processing 06-20
Processing 06-21
Processing 06-22
Processing 06-23
Processing 06-24
Processing 06-25
Processing 06-26
Processing 06-27
Processing 06-28
Processing 06-29
Processing 06-30
Processing 07-01
Processing 07-02
Processing 07-03
Processing 07-04
Processing 07-05
Processing 07-06
Processing 07-07
Processing 07-08
Processing 07-09
Processing 07-10
Processing 07-11
Processing 07-12
Processing 07-13
Processing 07-14
Processing 07-15
Processing 07-16
Processing 07-17
Processing 07-18
Processing 07-19
Processing 07-20
Processing 07-21
Processing 07-22
Processing 07-23
Processing 07-24
Processing 07-25
Processing 07-26
Processing 07-27
Processing 07-28
Processing 07-29
Processing 07-30
Processing 07-31
Processing 08-01
Processing 08-02
_________________________________________________________________________
Job Resource Usage Summary for 51561285

  Job Ended                       : Fri Nov 14 21:04:12 EST 2025

  Partition                       : compute
  Head Node                       : borgj058
  Charged to                      : g0610

  Estimated SBUs                  : 9.90

  Total Mem Requested / Allocated : 32.00G / 32.00G
  Max Real Mem Used (on any node) : 9.18G
  Max Pct Memory Used             : 28.68%

  Walltime Requested              : 07:00:00
  Walltime Used                   : 02:36:11
  Pct Walltime Used               : 37.18%

  CPUs Requested / Allocated      : 8 / 126
  Total CPU-Time Allocated        : 13-15:59:06 (Walltime Used * #CPUs)

  CPU Utilization of __last python cmd only__:
  User CPU                        : 02:18:30 of 13-15:42:18
  System CPU                      : 01:50.247 of 13-15:42:18
  Pct CPU Utilization             : .71%
  
_________________________________________________________________________

